Importer Log Report
Document: C:\Users\srdja\OneDrive\Radna površina\New folder\PRIUMS\Projekat KiCad\LCD Ploča\LCD\LCD.kicad_pcb
    Section : Import Document - C:\Users\srdja\OneDrive\Radna površina\New folder\PRIUMS\Projekat KiCad\LCD Ploča\LCD\Imported LCD\LCD.PcbDoc
        Event: Nets was imported.
        Event: Component U1 was successfully imported.
        Event: Component J1 was successfully imported.
        Event: Rect was successfully imported.
        Event: Rect was successfully imported.
        Event: Rect was successfully imported.
        Event: Rect was successfully imported.
        Event: Rect was successfully imported.
        Event: Text 'FPC Connector for LCD' was successfully imported.
        Event: Dimension '57.5000 mm' was successfully imported.
        Event: Dimension '69.0000 mm' was successfully imported.
        Error: Import is not implemented for: KiCadLib.PCB.PCBLine
        Event: Line with 2 vertices was successfully imported.
        Error: Import is not implemented for: KiCadLib.PCB.PCBLine
        Event: Line with 2 vertices was successfully imported.
        Error: Import is not implemented for: KiCadLib.PCB.PCBLine
        Event: Line with 2 vertices was successfully imported.
        Error: Import is not implemented for: KiCadLib.PCB.PCBLine
        Event: Line with 2 vertices was successfully imported.
        Error: Import is not implemented for: KiCadLib.PCB.PCBLine
        Event: Line with 2 vertices was successfully imported.
        Error: Import is not implemented for: KiCadLib.PCB.PCBLine
        Event: Line with 2 vertices was successfully imported.
        Event: Via on [149.4229,-111.13] was successfully imported.
        Error: Import is not implemented for: KiCadLib.PCB.PCBLine
        Event: Line with 2 vertices was successfully imported.
        Error: Import is not implemented for: KiCadLib.PCB.PCBLine
        Event: Line with 2 vertices was successfully imported.
        Error: Import is not implemented for: KiCadLib.PCB.PCBLine
        Event: Line with 2 vertices was successfully imported.
        Error: Import is not implemented for: KiCadLib.PCB.PCBLine
        Event: Line with 2 vertices was successfully imported.
        Error: Import is not implemented for: KiCadLib.PCB.PCBLine
        Event: Line with 2 vertices was successfully imported.
        Error: Import is not implemented for: KiCadLib.PCB.PCBLine
        Event: Line with 2 vertices was successfully imported.
        Error: Import is not implemented for: KiCadLib.PCB.PCBLine
        Event: Line with 2 vertices was successfully imported.
        Error: Import is not implemented for: KiCadLib.PCB.PCBLine
        Event: Line with 2 vertices was successfully imported.
        Error: Import is not implemented for: KiCadLib.PCB.PCBLine
        Event: Line with 2 vertices was successfully imported.
        Error: Import is not implemented for: KiCadLib.PCB.PCBLine
        Event: Line with 2 vertices was successfully imported.
        Error: Import is not implemented for: KiCadLib.PCB.PCBLine
        Event: Line with 2 vertices was successfully imported.
        Error: Import is not implemented for: KiCadLib.PCB.PCBLine
        Event: Line with 2 vertices was successfully imported.
        Event: Via on [148.4899,-105.2026] was successfully imported.
        Error: Import is not implemented for: KiCadLib.PCB.PCBLine
        Event: Line with 2 vertices was successfully imported.
        Error: Import is not implemented for: KiCadLib.PCB.PCBLine
        Event: Line with 2 vertices was successfully imported.
        Error: Import is not implemented for: KiCadLib.PCB.PCBLine
        Event: Line with 2 vertices was successfully imported.
        Error: Import is not implemented for: KiCadLib.PCB.PCBLine
        Event: Line with 2 vertices was successfully imported.
        Error: Import is not implemented for: KiCadLib.PCB.PCBLine
        Event: Line with 2 vertices was successfully imported.
        Error: Import is not implemented for: KiCadLib.PCB.PCBLine
        Event: Line with 2 vertices was successfully imported.
        Error: Import is not implemented for: KiCadLib.PCB.PCBLine
        Event: Line with 2 vertices was successfully imported.
        Error: Import is not implemented for: KiCadLib.PCB.PCBLine
        Event: Line with 2 vertices was successfully imported.
        Error: Import is not implemented for: KiCadLib.PCB.PCBLine
        Event: Line with 2 vertices was successfully imported.
        Error: Import is not implemented for: KiCadLib.PCB.PCBLine
        Event: Line with 2 vertices was successfully imported.
        Error: Import is not implemented for: KiCadLib.PCB.PCBLine
        Event: Line with 2 vertices was successfully imported.
        Error: Import is not implemented for: KiCadLib.PCB.PCBLine
        Event: Line with 2 vertices was successfully imported.
        Error: Import is not implemented for: KiCadLib.PCB.PCBLine
        Event: Line with 2 vertices was successfully imported.
        Error: Import is not implemented for: KiCadLib.PCB.PCBLine
        Event: Line with 2 vertices was successfully imported.
        Error: Import is not implemented for: KiCadLib.PCB.PCBLine
        Event: Line with 2 vertices was successfully imported.
        Error: Import is not implemented for: KiCadLib.PCB.PCBLine
        Event: Line with 2 vertices was successfully imported.
        Error: Import is not implemented for: KiCadLib.PCB.PCBLine
        Event: Line with 2 vertices was successfully imported.
        Error: Import is not implemented for: KiCadLib.PCB.PCBLine
        Event: Line with 2 vertices was successfully imported.
        Error: Import is not implemented for: KiCadLib.PCB.PCBLine
        Event: Line with 2 vertices was successfully imported.
        Error: Import is not implemented for: KiCadLib.PCB.PCBLine
        Event: Line with 2 vertices was successfully imported.
        Error: Import is not implemented for: KiCadLib.PCB.PCBLine
        Event: Line with 2 vertices was successfully imported.
        Error: Import is not implemented for: KiCadLib.PCB.PCBLine
        Event: Line with 2 vertices was successfully imported.
        Error: Import is not implemented for: KiCadLib.PCB.PCBLine
        Event: Line with 2 vertices was successfully imported.
        Error: Import is not implemented for: KiCadLib.PCB.PCBLine
        Event: Line with 2 vertices was successfully imported.
        Error: Import is not implemented for: KiCadLib.PCB.PCBLine
        Event: Line with 2 vertices was successfully imported.
        Error: Import is not implemented for: KiCadLib.PCB.PCBLine
        Event: Line with 2 vertices was successfully imported.
        Error: Import is not implemented for: KiCadLib.PCB.PCBLine
        Event: Line with 2 vertices was successfully imported.
        Error: Import is not implemented for: KiCadLib.PCB.PCBLine
        Event: Line with 2 vertices was successfully imported.
        Error: Import is not implemented for: KiCadLib.PCB.PCBLine
        Event: Line with 2 vertices was successfully imported.
        Error: Import is not implemented for: KiCadLib.PCB.PCBLine
        Event: Line with 2 vertices was successfully imported.
        Error: Import is not implemented for: KiCadLib.PCB.PCBLine
        Event: Line with 2 vertices was successfully imported.
        Event: Via on [139.9779,-104.2945] was successfully imported.
        Error: Import is not implemented for: KiCadLib.PCB.PCBLine
        Event: Line with 2 vertices was successfully imported.
        Error: Import is not implemented for: KiCadLib.PCB.PCBLine
        Event: Line with 2 vertices was successfully imported.
        Error: Import is not implemented for: KiCadLib.PCB.PCBLine
        Event: Line with 2 vertices was successfully imported.
        Error: Import is not implemented for: KiCadLib.PCB.PCBLine
        Event: Line with 2 vertices was successfully imported.
        Error: Import is not implemented for: KiCadLib.PCB.PCBLine
        Event: Line with 2 vertices was successfully imported.
        Event: Via on [142.25,-105.4963] was successfully imported.
        Error: Import is not implemented for: KiCadLib.PCB.PCBLine
        Event: Line with 2 vertices was successfully imported.
        Error: Import is not implemented for: KiCadLib.PCB.PCBLine
        Event: Line with 2 vertices was successfully imported.
        Error: Import is not implemented for: KiCadLib.PCB.PCBLine
        Event: Line with 2 vertices was successfully imported.
        Error: Import is not implemented for: KiCadLib.PCB.PCBLine
        Event: Line with 2 vertices was successfully imported.
        Error: Import is not implemented for: KiCadLib.PCB.PCBLine
        Event: Line with 2 vertices was successfully imported.
        Error: Import is not implemented for: KiCadLib.PCB.PCBLine
        Event: Line with 2 vertices was successfully imported.
        Error: Import is not implemented for: KiCadLib.PCB.PCBLine
        Event: Line with 2 vertices was successfully imported.
        Error: Import is not implemented for: KiCadLib.PCB.PCBLine
        Event: Line with 2 vertices was successfully imported.
        Error: Import is not implemented for: KiCadLib.PCB.PCBLine
        Event: Line with 2 vertices was successfully imported.
        Error: Import is not implemented for: KiCadLib.PCB.PCBLine
        Event: Line with 2 vertices was successfully imported.
        Error: Import is not implemented for: KiCadLib.PCB.PCBLine
        Event: Line with 2 vertices was successfully imported.
        Error: Import is not implemented for: KiCadLib.PCB.PCBLine
        Event: Line with 2 vertices was successfully imported.
        Error: Import is not implemented for: KiCadLib.PCB.PCBLine
        Event: Line with 2 vertices was successfully imported.
        Error: Import is not implemented for: KiCadLib.PCB.PCBLine
        Event: Line with 2 vertices was successfully imported.
        Error: Import is not implemented for: KiCadLib.PCB.PCBLine
        Event: Line with 2 vertices was successfully imported.
        Error: Import is not implemented for: KiCadLib.PCB.PCBLine
        Event: Line with 2 vertices was successfully imported.
        Error: Import is not implemented for: KiCadLib.PCB.PCBLine
        Event: Line with 2 vertices was successfully imported.
        Error: Import is not implemented for: KiCadLib.PCB.PCBLine
        Event: Line with 2 vertices was successfully imported.
        Error: Import is not implemented for: KiCadLib.PCB.PCBLine
        Event: Line with 2 vertices was successfully imported.
        Event: Via on [137.5039,-105.7431] was successfully imported.
        Error: Import is not implemented for: KiCadLib.PCB.PCBLine
        Event: Line with 2 vertices was successfully imported.
        Error: Import is not implemented for: KiCadLib.PCB.PCBLine
        Event: Line with 2 vertices was successfully imported.
        Error: Import is not implemented for: KiCadLib.PCB.PCBLine
        Event: Line with 2 vertices was successfully imported.
        Error: Import is not implemented for: KiCadLib.PCB.PCBLine
        Event: Line with 2 vertices was successfully imported.
        Event: Via on [139.25,-102.4963] was successfully imported.
        Error: Import is not implemented for: KiCadLib.PCB.PCBLine
        Event: Line with 2 vertices was successfully imported.
        Error: Import is not implemented for: KiCadLib.PCB.PCBLine
        Event: Line with 2 vertices was successfully imported.
        Error: Import is not implemented for: KiCadLib.PCB.PCBLine
        Event: Line with 2 vertices was successfully imported.
        Error: Import is not implemented for: KiCadLib.PCB.PCBLine
        Event: Line with 2 vertices was successfully imported.
        Error: Import is not implemented for: KiCadLib.PCB.PCBLine
        Event: Line with 2 vertices was successfully imported.
        Error: Import is not implemented for: KiCadLib.PCB.PCBLine
        Event: Line with 2 vertices was successfully imported.
        Error: Import is not implemented for: KiCadLib.PCB.PCBLine
        Event: Line with 2 vertices was successfully imported.
        Error: Import is not implemented for: KiCadLib.PCB.PCBLine
        Event: Line with 2 vertices was successfully imported.
        Error: Import is not implemented for: KiCadLib.PCB.PCBLine
        Event: Line with 2 vertices was successfully imported.
        Error: Import is not implemented for: KiCadLib.PCB.PCBLine
        Event: Line with 2 vertices was successfully imported.
        Error: Import is not implemented for: KiCadLib.PCB.PCBLine
        Event: Line with 2 vertices was successfully imported.
        Error: Import is not implemented for: KiCadLib.PCB.PCBLine
        Event: Line with 2 vertices was successfully imported.
        Error: Import is not implemented for: KiCadLib.PCB.PCBLine
        Event: Line with 2 vertices was successfully imported.
        Error: Import is not implemented for: KiCadLib.PCB.PCBLine
        Event: Line with 2 vertices was successfully imported.
        Error: Import is not implemented for: KiCadLib.PCB.PCBLine
        Event: Line with 2 vertices was successfully imported.
        Error: Import is not implemented for: KiCadLib.PCB.PCBLine
        Event: Line with 2 vertices was successfully imported.
        Error: Import is not implemented for: KiCadLib.PCB.PCBLine
        Event: Line with 2 vertices was successfully imported.
        Error: Import is not implemented for: KiCadLib.PCB.PCBLine
        Event: Line with 2 vertices was successfully imported.
        Error: Import is not implemented for: KiCadLib.PCB.PCBLine
        Event: Line with 2 vertices was successfully imported.
        Error: Import is not implemented for: KiCadLib.PCB.PCBLine
        Event: Line with 2 vertices was successfully imported.
        Event: Via on [138.5199,-103.1806] was successfully imported.
        Error: Import is not implemented for: KiCadLib.PCB.PCBLine
        Event: Line with 2 vertices was successfully imported.
        Error: Import is not implemented for: KiCadLib.PCB.PCBLine
        Event: Line with 2 vertices was successfully imported.
        Error: Import is not implemented for: KiCadLib.PCB.PCBLine
        Event: Line with 2 vertices was successfully imported.
        Error: Import is not implemented for: KiCadLib.PCB.PCBLine
        Event: Line with 2 vertices was successfully imported.
        Error: Import is not implemented for: KiCadLib.PCB.PCBLine
        Event: Line with 2 vertices was successfully imported.
        Error: Import is not implemented for: KiCadLib.PCB.PCBLine
        Event: Line with 2 vertices was successfully imported.
        Error: Import is not implemented for: KiCadLib.PCB.PCBLine
        Event: Line with 2 vertices was successfully imported.
        Error: Import is not implemented for: KiCadLib.PCB.PCBLine
        Event: Line with 2 vertices was successfully imported.
        Error: Import is not implemented for: KiCadLib.PCB.PCBLine
        Event: Line with 2 vertices was successfully imported.
        Error: Import is not implemented for: KiCadLib.PCB.PCBLine
        Event: Line with 2 vertices was successfully imported.
        Error: Import is not implemented for: KiCadLib.PCB.PCBLine
        Event: Line with 2 vertices was successfully imported.
        Error: Import is not implemented for: KiCadLib.PCB.PCBLine
        Event: Line with 2 vertices was successfully imported.
        Error: Import is not implemented for: KiCadLib.PCB.PCBLine
        Event: Line with 2 vertices was successfully imported.
        Error: Import is not implemented for: KiCadLib.PCB.PCBLine
        Event: Line with 2 vertices was successfully imported.
        Error: Import is not implemented for: KiCadLib.PCB.PCBLine
        Event: Line with 2 vertices was successfully imported.
        Error: Import is not implemented for: KiCadLib.PCB.PCBLine
        Event: Line with 2 vertices was successfully imported.
        Error: Import is not implemented for: KiCadLib.PCB.PCBLine
        Event: Line with 2 vertices was successfully imported.
        Error: Import is not implemented for: KiCadLib.PCB.PCBLine
        Event: Line with 2 vertices was successfully imported.
        Error: Import is not implemented for: KiCadLib.PCB.PCBLine
        Event: Line with 2 vertices was successfully imported.
        Error: Import is not implemented for: KiCadLib.PCB.PCBLine
        Event: Line with 2 vertices was successfully imported.
        Event: Via on [144.5,-75.5] was successfully imported.
        Event: Via on [129,-69] was successfully imported.
        Error: Import is not implemented for: KiCadLib.PCB.PCBLine
        Event: Line with 2 vertices was successfully imported.
        Error: Import is not implemented for: KiCadLib.PCB.PCBLine
        Event: Line with 2 vertices was successfully imported.
        Error: Import is not implemented for: KiCadLib.PCB.PCBLine
        Event: Line with 2 vertices was successfully imported.
        Error: Import is not implemented for: KiCadLib.PCB.PCBLine
        Event: Line with 2 vertices was successfully imported.
        Error: Import is not implemented for: KiCadLib.PCB.PCBLine
        Event: Line with 2 vertices was successfully imported.
        Error: Import is not implemented for: KiCadLib.PCB.PCBLine
        Event: Line with 2 vertices was successfully imported.
        Error: Import is not implemented for: KiCadLib.PCB.PCBLine
        Event: Line with 2 vertices was successfully imported.
        Error: Import is not implemented for: KiCadLib.PCB.PCBLine
        Event: Line with 2 vertices was successfully imported.
        Error: Import is not implemented for: KiCadLib.PCB.PCBLine
        Event: Line with 2 vertices was successfully imported.
        Error: Import is not implemented for: KiCadLib.PCB.PCBLine
        Event: Line with 2 vertices was successfully imported.
        Error: Import is not implemented for: KiCadLib.PCB.PCBLine
        Event: Line with 2 vertices was successfully imported.
        Error: Import is not implemented for: KiCadLib.PCB.PCBLine
        Event: Line with 2 vertices was successfully imported.
        Error: Import is not implemented for: KiCadLib.PCB.PCBLine
        Event: Line with 2 vertices was successfully imported.
        Error: Import is not implemented for: KiCadLib.PCB.PCBLine
        Event: Line with 2 vertices was successfully imported.
        Error: Import is not implemented for: KiCadLib.PCB.PCBLine
        Event: Line with 2 vertices was successfully imported.
        Error: Import is not implemented for: KiCadLib.PCB.PCBLine
        Event: Line with 2 vertices was successfully imported.
        Error: Import is not implemented for: KiCadLib.PCB.PCBLine
        Event: Line with 2 vertices was successfully imported.
        Error: Import is not implemented for: KiCadLib.PCB.PCBLine
        Event: Line with 2 vertices was successfully imported.
        Error: Import is not implemented for: KiCadLib.PCB.PCBLine
        Event: Line with 2 vertices was successfully imported.
        Error: Import is not implemented for: KiCadLib.PCB.PCBLine
        Event: Line with 2 vertices was successfully imported.
        Error: Import is not implemented for: KiCadLib.PCB.PCBLine
        Event: Line with 2 vertices was successfully imported.
        Error: Import is not implemented for: KiCadLib.PCB.PCBLine
        Event: Line with 2 vertices was successfully imported.
        Error: Import is not implemented for: KiCadLib.PCB.PCBLine
        Event: Line with 2 vertices was successfully imported.
        Error: Import is not implemented for: KiCadLib.PCB.PCBLine
        Event: Line with 2 vertices was successfully imported.
        Error: Import is not implemented for: KiCadLib.PCB.PCBLine
        Event: Line with 2 vertices was successfully imported.
        Error: Import is not implemented for: KiCadLib.PCB.PCBLine
        Event: Line with 2 vertices was successfully imported.
        Error: Import is not implemented for: KiCadLib.PCB.PCBLine
        Event: Line with 2 vertices was successfully imported.
        Error: Import is not implemented for: KiCadLib.PCB.PCBLine
        Event: Line with 2 vertices was successfully imported.
        Error: Import is not implemented for: KiCadLib.PCB.PCBLine
        Event: Line with 2 vertices was successfully imported.
        Error: Import is not implemented for: KiCadLib.PCB.PCBLine
        Event: Line with 2 vertices was successfully imported.
        Error: Import is not implemented for: KiCadLib.PCB.PCBLine
        Event: Line with 2 vertices was successfully imported.
        Error: Import is not implemented for: KiCadLib.PCB.PCBLine
        Event: Line with 2 vertices was successfully imported.
        Error: Import is not implemented for: KiCadLib.PCB.PCBLine
        Event: Line with 2 vertices was successfully imported.
        Section : Component U1 importing.
            Event: Text 'user ${REFERENCE}' was successfully imported.
            Error: Import is not implemented for: KiCadLib.PCB.PCBLine
            Event: Line with 2 vertices was successfully imported.
            Error: Import is not implemented for: KiCadLib.PCB.PCBLine
            Event: Line with 2 vertices was successfully imported.
            Error: Import is not implemented for: KiCadLib.PCB.PCBLine
            Event: Line with 2 vertices was successfully imported.
            Error: Import is not implemented for: KiCadLib.PCB.PCBLine
            Event: Line with 2 vertices was successfully imported.
            Error: Import is not implemented for: KiCadLib.PCB.PCBLine
            Event: Line with 2 vertices was successfully imported.
            Error: Import is not implemented for: KiCadLib.PCB.PCBLine
            Event: Line with 2 vertices was successfully imported.
            Error: Import is not implemented for: KiCadLib.PCB.PCBLine
            Event: Line with 2 vertices was successfully imported.
            Error: Import is not implemented for: KiCadLib.PCB.PCBLine
            Event: Line with 2 vertices was successfully imported.
            Error: Import is not implemented for: KiCadLib.PCB.PCBLine
            Event: Line with 2 vertices was successfully imported.
            Error: Import is not implemented for: KiCadLib.PCB.PCBLine
            Event: Line with 2 vertices was successfully imported.
            Error: Import is not implemented for: KiCadLib.PCB.PCBLine
            Event: Line with 2 vertices was successfully imported.
            Error: Import is not implemented for: KiCadLib.PCB.PCBLine
            Event: Line with 2 vertices was successfully imported.
            Error: Import is not implemented for: KiCadLib.PCB.PCBLine
            Event: Line with 2 vertices was successfully imported.
            Error: Import is not implemented for: KiCadLib.PCB.PCBLine
            Event: Line with 2 vertices was successfully imported.
            Error: Import is not implemented for: KiCadLib.PCB.PCBLine
            Event: Line with 2 vertices was successfully imported.
            Event: Pad 1 on [0,0] was successfully imported.
            Event: Pad 2 on [0,-2.54] was successfully imported.
            Event: Pad 3 on [0,-5.08] was successfully imported.
            Event: Pad 4 on [0,-7.62] was successfully imported.
            Event: Pad 5 on [0,-10.16] was successfully imported.
            Event: Pad 6 on [0,-12.7] was successfully imported.
            Event: Pad 7 on [0,-15.24] was successfully imported.
            Event: Pad 8 on [0,-17.78] was successfully imported.
            Event: Pad 9 on [0,-20.32] was successfully imported.
            Event: Pad 10 on [0,-22.86] was successfully imported.
            Event: Pad 11 on [0,-25.4] was successfully imported.
            Event: Pad 12 on [0,-27.94] was successfully imported.
            Event: Pad 13 on [0,-30.48] was successfully imported.
            Event: Pad 14 on [0,-33.02] was successfully imported.
            Event: Pad 15 on [0,-35.56] was successfully imported.
            Event: Pad 16 on [0,-38.1] was successfully imported.
            Event: Pad 17 on [0,-40.64] was successfully imported.
            Event: Pad 18 on [0,-43.18] was successfully imported.
            Event: Pad 19 on [0,-45.72] was successfully imported.
            Event: Pad 20 on [0,-48.26] was successfully imported.
            Event: Pad 21 on [33.02,-48.26] was successfully imported.
            Event: Pad 22 on [33.02,-45.72] was successfully imported.
            Event: Pad 23 on [33.02,-43.18] was successfully imported.
            Event: Pad 24 on [33.02,-40.64] was successfully imported.
            Event: Pad 25 on [33.02,-38.1] was successfully imported.
            Event: Pad 26 on [33.02,-35.56] was successfully imported.
            Event: Pad 27 on [33.02,-33.02] was successfully imported.
            Event: Pad 28 on [33.02,-30.48] was successfully imported.
            Event: Pad 29 on [33.02,-27.94] was successfully imported.
            Event: Pad 30 on [33.02,-25.4] was successfully imported.
            Event: Pad 31 on [33.02,-22.86] was successfully imported.
            Event: Pad 32 on [33.02,-20.32] was successfully imported.
            Event: Pad 33 on [33.02,-17.78] was successfully imported.
            Event: Pad 34 on [33.02,-15.24] was successfully imported.
            Event: Pad 35 on [33.02,-12.7] was successfully imported.
            Event: Pad 36 on [33.02,-10.16] was successfully imported.
            Event: Pad 37 on [33.02,-7.62] was successfully imported.
            Event: Pad 38 on [33.02,-5.08] was successfully imported.
            Event: Pad 39 on [33.02,-2.54] was successfully imported.
            Event: Pad 40 on [33.02,0] was successfully imported.
        EndSection
        Section : Component J1 importing.
            Error: Import is not implemented for: KiCadLib.PCB.PCBLine
            Event: Line with 2 vertices was successfully imported.
            Error: Import is not implemented for: KiCadLib.PCB.PCBLine
            Event: Line with 2 vertices was successfully imported.
            Error: Import is not implemented for: KiCadLib.PCB.PCBLine
            Event: Line with 2 vertices was successfully imported.
            Error: Import is not implemented for: KiCadLib.PCB.PCBLine
            Event: Line with 2 vertices was successfully imported.
            Error: Import is not implemented for: KiCadLib.PCB.PCBLine
            Event: Line with 2 vertices was successfully imported.
            Error: Import is not implemented for: KiCadLib.PCB.PCBLine
            Event: Line with 2 vertices was successfully imported.
            Error: Import is not implemented for: KiCadLib.PCB.PCBLine
            Event: Line with 2 vertices was successfully imported.
            Error: Import is not implemented for: KiCadLib.PCB.PCBLine
            Event: Line with 2 vertices was successfully imported.
            Error: Import is not implemented for: KiCadLib.PCB.PCBLine
            Event: Line with 2 vertices was successfully imported.
            Error: Import is not implemented for: KiCadLib.PCB.PCBLine
            Event: Line with 2 vertices was successfully imported.
            Error: Import is not implemented for: KiCadLib.PCB.PCBLine
            Event: Line with 2 vertices was successfully imported.
            Error: Import is not implemented for: KiCadLib.PCB.PCBLine
            Event: Line with 2 vertices was successfully imported.
            Error: Import is not implemented for: KiCadLib.PCB.PCBLine
            Event: Line with 2 vertices was successfully imported.
            Error: Import is not implemented for: KiCadLib.PCB.PCBLine
            Event: Line with 2 vertices was successfully imported.
            Error: Import is not implemented for: KiCadLib.PCB.PCBLine
            Event: Line with 2 vertices was successfully imported.
            Error: Import is not implemented for: KiCadLib.PCB.PCBLine
            Event: Line with 2 vertices was successfully imported.
            Event: Pad 0 on [7.35,-1.3] was successfully imported.
            Event: Pad 0 on [-7.35,-1.3] was successfully imported.
            Event: Pad 1 on [-5.75,0] was successfully imported.
            Event: Pad 2 on [-5.25,0] was successfully imported.
            Event: Pad 3 on [-4.75,0] was successfully imported.
            Event: Pad 4 on [-4.25,0] was successfully imported.
            Event: Pad 5 on [-3.75,0] was successfully imported.
            Event: Pad 6 on [-3.25,0] was successfully imported.
            Event: Pad 7 on [-2.75,0] was successfully imported.
            Event: Pad 8 on [-2.25,0] was successfully imported.
            Event: Pad 9 on [-1.75,0] was successfully imported.
            Event: Pad 10 on [-1.25,0] was successfully imported.
            Event: Pad 11 on [-0.75,0] was successfully imported.
            Event: Pad 12 on [-0.25,0] was successfully imported.
            Event: Pad 13 on [0.25,0] was successfully imported.
            Event: Pad 14 on [0.75,0] was successfully imported.
            Event: Pad 15 on [1.25,0] was successfully imported.
            Event: Pad 16 on [1.75,0] was successfully imported.
            Event: Pad 17 on [2.25,0] was successfully imported.
            Event: Pad 18 on [2.75,0] was successfully imported.
            Event: Pad 19 on [3.25,0] was successfully imported.
            Event: Pad 20 on [3.75,0] was successfully imported.
            Event: Pad 21 on [4.25,0] was successfully imported.
            Event: Pad 22 on [4.75,0] was successfully imported.
            Event: Pad 23 on [5.25,0] was successfully imported.
            Event: Pad 24 on [5.75,0] was successfully imported.
        EndSection
    EndSection
