Importer Log Report
Document: C:\Users\srdja\OneDrive\Radna površina\New folder\PRIUMS\Projekat KiCad\Projekat.kicad_sch
    Section : Loading Schematic - C:\Users\srdja\OneDrive\Radna površina\New folder\PRIUMS\Projekat KiCad\Projekat.kicad_sch
        Warning: Unknown child uuid of no_connect.
        Warning: Unknown child uuid of no_connect.
        Warning: Unknown child fields_autoplaced of sheet.
        Warning: Unknown child fields_autoplaced of sheet.
        Warning: Unknown child fields_autoplaced of sheet.
        Warning: Unknown child fields_autoplaced of sheet.
        Warning: Unknown child fields_autoplaced of sheet.
        Warning: Unknown child fields_autoplaced of sheet.
        Event: Loading sub-sheet: Input.kicad_sch of Projekat.kicad_sch.
    EndSection
    Section : Loading Schematic - C:\Users\srdja\OneDrive\Radna površina\New folder\PRIUMS\Projekat KiCad\Input.kicad_sch
        Warning: Unknown child uuid of no_connect.
        Warning: Unknown child uuid of no_connect.
        Event: Successfully load sub-sheet: Input.kicad_sch of Projekat.kicad_sch.
        Event: Loading sub-sheet: icl7107pins.kicad_sch of Projekat.kicad_sch.
    EndSection
    Section : Loading Schematic - C:\Users\srdja\OneDrive\Radna površina\New folder\PRIUMS\Projekat KiCad\icl7107pins.kicad_sch
        Event: Successfully load sub-sheet: icl7107pins.kicad_sch of Projekat.kicad_sch.
        Event: Loading sub-sheet: Battery.kicad_sch of Projekat.kicad_sch.
    EndSection
    Section : Loading Schematic - C:\Users\srdja\OneDrive\Radna površina\New folder\PRIUMS\Projekat KiCad\Battery.kicad_sch
        Event: Successfully load sub-sheet: Battery.kicad_sch of Projekat.kicad_sch.
        Event: Loading sub-sheet: rmstodc.kicad_sch of Projekat.kicad_sch.
    EndSection
    Section : Loading Schematic - C:\Users\srdja\OneDrive\Radna površina\New folder\PRIUMS\Projekat KiCad\rmstodc.kicad_sch
        Event: Successfully load sub-sheet: rmstodc.kicad_sch of Projekat.kicad_sch.
        Event: Loading sub-sheet: VoltageSupply.kicad_sch of Projekat.kicad_sch.
    EndSection
    Section : Loading Schematic - C:\Users\srdja\OneDrive\Radna površina\New folder\PRIUMS\Projekat KiCad\VoltageSupply.kicad_sch
        Event: Successfully load sub-sheet: VoltageSupply.kicad_sch of Projekat.kicad_sch.
        Event: Loading sub-sheet: ffccon.kicad_sch of Projekat.kicad_sch.
    EndSection
    Section : Loading Schematic - C:\Users\srdja\OneDrive\Radna površina\New folder\PRIUMS\Projekat KiCad\ffccon.kicad_sch
        Event: Successfully load sub-sheet: ffccon.kicad_sch of Projekat.kicad_sch.
    EndSection
    Section : Loading Schematic - C:\Users\srdja\OneDrive\Radna površina\New folder\PRIUMS\Projekat KiCad\Projekat.kicad_sch
        Warning: Unknown child uuid of no_connect.
        Warning: Unknown child uuid of no_connect.
        Warning: Unknown child fields_autoplaced of sheet.
        Warning: Unknown child fields_autoplaced of sheet.
        Warning: Unknown child fields_autoplaced of sheet.
        Warning: Unknown child fields_autoplaced of sheet.
        Warning: Unknown child fields_autoplaced of sheet.
        Warning: Unknown child fields_autoplaced of sheet.
        Event: Loading sub-sheet: Input.kicad_sch of Projekat.kicad_sch.
    EndSection
    Section : Loading Schematic - C:\Users\srdja\OneDrive\Radna površina\New folder\PRIUMS\Projekat KiCad\Input.kicad_sch
        Warning: Unknown child uuid of no_connect.
        Warning: Unknown child uuid of no_connect.
        Event: Successfully load sub-sheet: Input.kicad_sch of Projekat.kicad_sch.
        Event: Loading sub-sheet: icl7107pins.kicad_sch of Projekat.kicad_sch.
    EndSection
    Section : Loading Schematic - C:\Users\srdja\OneDrive\Radna površina\New folder\PRIUMS\Projekat KiCad\icl7107pins.kicad_sch
        Event: Successfully load sub-sheet: icl7107pins.kicad_sch of Projekat.kicad_sch.
        Event: Loading sub-sheet: Battery.kicad_sch of Projekat.kicad_sch.
    EndSection
    Section : Loading Schematic - C:\Users\srdja\OneDrive\Radna površina\New folder\PRIUMS\Projekat KiCad\Battery.kicad_sch
        Event: Successfully load sub-sheet: Battery.kicad_sch of Projekat.kicad_sch.
        Event: Loading sub-sheet: rmstodc.kicad_sch of Projekat.kicad_sch.
    EndSection
    Section : Loading Schematic - C:\Users\srdja\OneDrive\Radna površina\New folder\PRIUMS\Projekat KiCad\rmstodc.kicad_sch
        Event: Successfully load sub-sheet: rmstodc.kicad_sch of Projekat.kicad_sch.
        Event: Loading sub-sheet: VoltageSupply.kicad_sch of Projekat.kicad_sch.
    EndSection
    Section : Loading Schematic - C:\Users\srdja\OneDrive\Radna površina\New folder\PRIUMS\Projekat KiCad\VoltageSupply.kicad_sch
        Event: Successfully load sub-sheet: VoltageSupply.kicad_sch of Projekat.kicad_sch.
        Event: Loading sub-sheet: ffccon.kicad_sch of Projekat.kicad_sch.
    EndSection
    Section : Loading Schematic - C:\Users\srdja\OneDrive\Radna površina\New folder\PRIUMS\Projekat KiCad\ffccon.kicad_sch
        Event: Successfully load sub-sheet: ffccon.kicad_sch of Projekat.kicad_sch.
    EndSection
